[GIN-debug] [WARNING] Running in "debug" mode. Switch to "release" mode in production.
 - using env:	export GIN_MODE=release
 - using code:	gin.SetMode(gin.ReleaseMode)

[GIN-debug] GET    /asset/*filepath          --> github.com/gin-gonic/gin.(*RouterGroup).createStaticHandler.func1 (3 handlers)
[GIN-debug] HEAD   /asset/*filepath          --> github.com/gin-gonic/gin.(*RouterGroup).createStaticHandler.func1 (3 handlers)
[GIN-debug] GET    /ping                     --> go-mongo/handler.PingGet.func1 (3 handlers)
[GIN-debug] POST   /user/add                 --> go-mongo/handler.CreateUser (4 handlers)
[GIN-debug] PUT    /user/update/:id          --> go-mongo/handler.UpdateUser (4 handlers)
[GIN-debug] POST   /user/auth/login          --> go-mongo/handler.LoginUser (3 handlers)
[GIN-debug] POST   /product/add              --> go-mongo/handler.CreateProduct (6 handlers)
[GIN-debug] GET    /product/products         --> go-mongo/handler.GetProducts (4 handlers)
[GIN-debug] GET    /product/product/:id      --> go-mongo/handler.SingleProduct (4 handlers)
[GIN-debug] PUT    /product/update/:id       --> go-mongo/handler.UpdateProduct (4 handlers)
[GIN-debug] DELETE /product/delete/:id       --> go-mongo/handler.DeleteProduct (4 handlers)
[GIN-debug] GET    /product/latest/          --> go-mongo/handler.LatestProducts (4 handlers)
[GIN-debug] GET    /product/price            --> go-mongo/handler.PriceBasedProducts (4 handlers)
[GIN-debug] GET    /product/title            --> go-mongo/handler.TitleBasedProduct (4 handlers)
[GIN-debug] POST   /upload                   --> go-mongo/handler.FileHandler (3 handlers)
[GIN-debug] Listening and serving HTTP on :5000
::1 - [26 Jan 21 02:25 +06] POST /product/add 403 3.0887ms 
::1 - [26 Jan 21 02:25 +06] POST /product/add 403 26.0091ms 
::1 - [26 Jan 21 02:25 +06] POST /product/add 400 13.005ms 
::1 - [26 Jan 21 02:25 +06] POST /product/add 403 996.2µs 
[GIN-debug] [WARNING] Headers were already written. Wanted to override status code 400 with 422
::1 - [26 Jan 21 02:27 +06] POST /user/auth/login 422 230.0586ms 
::1 - [26 Jan 21 02:27 +06] POST /user/auth/login 200 3.1344347s 
::1 - [26 Jan 21 02:28 +06] POST /product/add 200 3.279851s 
